<?xml version="1.0" encoding="UTF-8"?>
<!-- Generated by org.testng.reporters.JUnitReportReporter -->
<testsuite hostname="LMA001798" failures="0" tests="1" name="SauceApp.suiteTests.SuiteLogin" time="9.158" errors="0" timestamp="2024-04-19T08:59:06 WEST" skipped="0">
  <testcase classname="SauceApp.suiteTests.SuiteLogin" name="Test01_loginInvalide" time="9.158"/>
</testsuite> <!-- SauceApp.suiteTests.SuiteLogin -->
