<?xml version="1.0" encoding="UTF-8"?>
<!-- Generated by org.testng.reporters.JUnitReportReporter -->
<testsuite hostname="LMA001798" failures="0" tests="2" name="SauceApp.suiteTests.SuiteLogin2" time="17.602" errors="0" timestamp="2024-04-19T08:59:06 WEST" skipped="0">
  <testcase classname="SauceApp.suiteTests.SuiteLogin2" name="Test02_loginValide2" time="9.615"/>
  <testcase classname="SauceApp.suiteTests.SuiteLogin2" name="Test01_loginInvalide2" time="7.987"/>
</testsuite> <!-- SauceApp.suiteTests.SuiteLogin2 -->
